---------------------------------------------
Grafo Caso #: 1

Nodo inicial: 0 
Nodo destino: 2 - Peso: 1

Nodo inicial: 1 
Nodo destino: 2 - Peso: 5
Nodo destino: 4 - Peso: 3

Nodo inicial: 2 
Nodo destino: 0 - Peso: 1
Nodo destino: 5 - Peso: 4
Nodo destino: 1 - Peso: 5

Nodo inicial: 3 
Nodo destino: 5 - Peso: 2

Nodo inicial: 4 
Nodo destino: 1 - Peso: 3

Nodo inicial: 5 
Nodo destino: 2 - Peso: 4
Nodo destino: 3 - Peso: 2

Peso total: 15
---------------------------------------------
Grafo Caso #: 2

Nodo inicial: 0 
Nodo destino: 1 - Peso: 5
Nodo destino: 6 - Peso: 7

Nodo inicial: 1 
Nodo destino: 0 - Peso: 5

Nodo inicial: 2 
Nodo destino: 4 - Peso: 2

Nodo inicial: 3 
Nodo destino: 4 - Peso: 2

Nodo inicial: 4 
Nodo destino: 6 - Peso: 3
Nodo destino: 2 - Peso: 2
Nodo destino: 3 - Peso: 2

Nodo inicial: 5 
Nodo destino: 6 - Peso: 4

Nodo inicial: 6 
Nodo destino: 0 - Peso: 7
Nodo destino: 4 - Peso: 3
Nodo destino: 5 - Peso: 4

Peso total: 23
