---------------------------------------------
Grafo Caso #: 1
Matriz del grafo resultante: 
0, 0, 1, 0, 0, 0, 
0, 0, 5, 0, 3, 0, 
1, 5, 0, 0, 0, 4, 
0, 0, 0, 0, 0, 2, 
0, 3, 0, 0, 0, 0, 
0, 0, 4, 2, 0, 0, 
El peso del grafo resultante es: 15
---------------------------------------------
Grafo Caso #: 2
Matriz del grafo resultante: 
0, 5, 0, 0, 0, 0, 7, 
5, 0, 0, 0, 0, 0, 0, 
0, 0, 0, 0, 2, 0, 0, 
0, 0, 0, 0, 2, 0, 0, 
0, 0, 2, 2, 0, 0, 3, 
0, 0, 0, 0, 0, 0, 4, 
7, 0, 0, 0, 3, 4, 0, 
El peso del grafo resultante es: 23
